#
# A fatal error has been detected by the Java Runtime Environment:
#
#  EXCEPTION_ACCESS_VIOLATION (0xc0000005) at pc=0x00000000665f8287, pid=444, tid=0x00000000000011b8
#
# JRE version: Java(TM) SE Runtime Environment (8.0_111-b14) (build 1.8.0_111-b14)
# Java VM: Java HotSpot(TM) 64-Bit Server VM (25.111-b14 mixed mode windows-amd64 compressed oops)
# Problematic frame:
# V  [jvm.dll+0x68287]
#
# Failed to write core dump. Minidumps are not enabled by default on client versions of Windows
#
# If you would like to submit a bug report, please visit:
#   http://bugreport.java.com/bugreport/crash.jsp
#

---------------  T H R E A D  ---------------

Current thread (0x000000000219e000):  JavaThread "main" [_thread_in_vm, id=4536, stack(0x00000000021d0000,0x00000000022d0000)]

siginfo: ExceptionCode=0xc0000005, reading address 0xffffffffffffffff

Registers:
RAX=0x0000000000000048, RBX=0x0000000058a2d680, RCX=0xffff38a88d485641, RDX=0x0000000000000000
RSP=0x00000000022ce6d8, RBP=0x000007fef089cd60, RSI=0x000000005754efd8, RDI=0x00000000020ffd50
R8 =0x0000000000000015, R9 =0x000007feee79cfe0, R10=0x00000000020ffd50, R11=0x00000000aad3b1ff
R12=0x000007fef089cd30, R13=0x0000000000000000, R14=0x00000000022cead0, R15=0x0000000000000000
RIP=0x00000000665f8287, EFLAGS=0x0000000000010206

Top of Stack: (sp=0x00000000022ce6d8)
0x00000000022ce6d8:   00000000666ee25a 0000000058a2d680
0x00000000022ce6e8:   000000005754efd8 000000000219e000
0x00000000022ce6f8:   000000000000002f 000007fef089d110
0x00000000022ce708:   00000000022ce758 00000000aad3b1ff
0x00000000022ce718:   00000000665fe559 0000000000000000
0x00000000022ce728:   00000000022cead8 000007fef089cd30
0x00000000022ce738:   00000000666ee4a7 000000000219e000
0x00000000022ce748:   00000000002ff5ba 000000005754efd8
0x00000000022ce758:   000007fef089cd60 000000000219e000
0x00000000022ce768:   0000000000000000 000000000219e000
0x00000000022ce778:   0000000000000000 0000000000000000
0x00000000022ce788:   0000000000000000 000000005754efd0
0x00000000022ce798:   000007fef0876795 000000000219e1f8
0x00000000022ce7a8:   00000000022ce8a0 000000000219e000
0x00000000022ce7b8:   00000000026f1717 00000000026f1a20
0x00000000022ce7c8:   0000000000000000 0000000000000000 

Instructions: (pc=0x00000000665f8287)
0x00000000665f8267:   48 8b 04 08 c3 cc cc cc cc 48 63 05 b9 90 78 00
0x00000000665f8277:   48 89 14 08 c3 cc cc cc cc 48 63 05 a9 90 78 00
0x00000000665f8287:   48 83 3c 08 00 0f 94 c0 c3 48 63 05 95 90 78 00
0x00000000665f8297:   48 8b 14 08 48 85 d2 74 0a 8b 42 08 c1 f8 08 0f 


Register to memory mapping:

RAX=0x0000000000000048 is an unknown value
RBX=0x0000000058a2d680 is an unknown value
RCX=0xffff38a88d485641 is an unknown value
RDX=0x0000000000000000 is an unknown value
RSP=0x00000000022ce6d8 is pointing into the stack for thread: 0x000000000219e000
RBP=0x000007fef089cd60 is an unknown value
RSI=0x000000005754efd8 is an unknown value
RDI=0x00000000020ffd50 is an unknown value
R8 =0x0000000000000015 is an unknown value
R9 =0x000007feee79cfe0 is an unknown value
R10=0x00000000020ffd50 is an unknown value
R11=0x00000000aad3b1ff is an unallocated location in the heap
R12=0x000007fef089cd30 is an unknown value
R13=0x0000000000000000 is an unknown value
R14=0x00000000022cead0 is pointing into the stack for thread: 0x000000000219e000
R15=0x0000000000000000 is an unknown value


Stack: [0x00000000021d0000,0x00000000022d0000],  sp=0x00000000022ce6d8,  free space=1017k
Native frames: (J=compiled Java code, j=interpreted, Vv=VM code, C=native code)
V  [jvm.dll+0x68287]

Java frames: (J=compiled Java code, j=interpreted, Vv=VM code)
j  com.microsoft.sqlserver.jdbc.AuthenticationJNI.SNISecGenClientContext([B[I[BI[B[I[ZLjava/lang/String;Ljava/lang/String;Ljava/lang/String;Ljava/util/logging/Logger;)I+0
j  com.microsoft.sqlserver.jdbc.AuthenticationJNI.GenerateClientContext([BI[B[I[Z)I+24
j  com.microsoft.sqlserver.jdbc.SQLServerConnection.SSPIData([B[B[I[ZLcom/microsoft/sqlserver/jdbc/AuthenticationJNI;)V+13
j  com.microsoft.sqlserver.jdbc.SQLServerConnection.sendLogon(Lcom/microsoft/sqlserver/jdbc/SQLServerConnection$LogonCommand;Lcom/microsoft/sqlserver/jdbc/AuthenticationJNI;)V+151
j  com.microsoft.sqlserver.jdbc.SQLServerConnection.logon(Lcom/microsoft/sqlserver/jdbc/SQLServerConnection$LogonCommand;)V+20
j  com.microsoft.sqlserver.jdbc.SQLServerConnection.access$000(Lcom/microsoft/sqlserver/jdbc/SQLServerConnection;Lcom/microsoft/sqlserver/jdbc/SQLServerConnection$LogonCommand;)V+2
j  com.microsoft.sqlserver.jdbc.SQLServerConnection$LogonCommand.doExecute()Z+5
j  com.microsoft.sqlserver.jdbc.TDSCommand.execute(Lcom/microsoft/sqlserver/jdbc/TDSWriter;Lcom/microsoft/sqlserver/jdbc/TDSReader;)Z+30
j  com.microsoft.sqlserver.jdbc.SQLServerConnection.executeCommand(Lcom/microsoft/sqlserver/jdbc/TDSCommand;)Z+45
j  com.microsoft.sqlserver.jdbc.SQLServerConnection.connectHelper(Lcom/microsoft/sqlserver/jdbc/ServerPortPlaceHolder;II)V+284
j  com.microsoft.sqlserver.jdbc.SQLServerConnection.login(Ljava/lang/String;Ljava/lang/String;ILjava/lang/String;Lcom/microsoft/sqlserver/jdbc/FailoverInfo;IJ)V+399
j  com.microsoft.sqlserver.jdbc.SQLServerConnection.connect(Ljava/util/Properties;Lcom/microsoft/sqlserver/jdbc/SQLServerPooledConnection;)Ljava/sql/Connection;+1736
j  com.microsoft.sqlserver.jdbc.SQLServerDriver.connect(Ljava/lang/String;Ljava/util/Properties;)Ljava/sql/Connection;+45
j  java.sql.DriverManager.getConnection(Ljava/lang/String;Ljava/util/Properties;Ljava/lang/Class;)Ljava/sql/Connection;+171
j  java.sql.DriverManager.getConnection(Ljava/lang/String;)Ljava/sql/Connection;+13
j  ejercicio1.Conexion.conectar()Ljava/sql/Connection;+10
j  ejercicio1.formulario1.setFilas()V+7
j  ejercicio1.formulario1.<init>()V+43
j  ejercicio1.Ejercicio1.main([Ljava/lang/String;)V+4
v  ~StubRoutines::call_stub

---------------  P R O C E S S  ---------------

Java Threads: ( => current thread )
  0x0000000059812000 JavaThread "AWT-Windows" daemon [_thread_in_native, id=272, stack(0x000000005a240000,0x000000005a340000)]
  0x0000000059811800 JavaThread "AWT-Shutdown" [_thread_blocked, id=3520, stack(0x000000005a340000,0x000000005a440000)]
  0x0000000058ddb800 JavaThread "Java2D Disposer" daemon [_thread_blocked, id=5112, stack(0x000000005a0f0000,0x000000005a1f0000)]
  0x0000000058a85800 JavaThread "Service Thread" daemon [_thread_blocked, id=4328, stack(0x0000000059570000,0x0000000059670000)]
  0x00000000575b7000 JavaThread "C1 CompilerThread2" daemon [_thread_blocked, id=4952, stack(0x00000000591e0000,0x00000000592e0000)]
  0x0000000058a1b800 JavaThread "C2 CompilerThread1" daemon [_thread_blocked, id=4372, stack(0x0000000059340000,0x0000000059440000)]
  0x00000000575b6800 JavaThread "C2 CompilerThread0" daemon [_thread_blocked, id=4384, stack(0x00000000590b0000,0x00000000591b0000)]
  0x00000000575b5800 JavaThread "Attach Listener" daemon [_thread_blocked, id=500, stack(0x0000000058510000,0x0000000058610000)]
  0x00000000575b4000 JavaThread "Signal Dispatcher" daemon [_thread_blocked, id=4780, stack(0x0000000058f20000,0x0000000059020000)]
  0x000000005759d000 JavaThread "Finalizer" daemon [_thread_blocked, id=4148, stack(0x0000000058910000,0x0000000058a10000)]
  0x0000000057556000 JavaThread "Reference Handler" daemon [_thread_blocked, id=1092, stack(0x0000000058800000,0x0000000058900000)]
=>0x000000000219e000 JavaThread "main" [_thread_in_vm, id=4536, stack(0x00000000021d0000,0x00000000022d0000)]

Other Threads:
  0x000000005754a800 VMThread [stack: 0x0000000058630000,0x0000000058730000] [id=3284]
  0x0000000058a9b800 WatcherThread [stack: 0x0000000059700000,0x0000000059800000] [id=612]

VM state:not at safepoint (normal execution)

VM Mutex/Monitor currently owned by a thread: None

Heap:
 PSYoungGen      total 38400K, used 17394K [0x00000000d5e00000, 0x00000000d8880000, 0x0000000100000000)
  eden space 33280K, 52% used [0x00000000d5e00000,0x00000000d6efc848,0x00000000d7e80000)
  from space 5120K, 0% used [0x00000000d8380000,0x00000000d8380000,0x00000000d8880000)
  to   space 5120K, 0% used [0x00000000d7e80000,0x00000000d7e80000,0x00000000d8380000)
 ParOldGen       total 87552K, used 0K [0x0000000081a00000, 0x0000000086f80000, 0x00000000d5e00000)
  object space 87552K, 0% used [0x0000000081a00000,0x0000000081a00000,0x0000000086f80000)
 Metaspace       used 11407K, capacity 11608K, committed 11904K, reserved 1060864K
  class space    used 1277K, capacity 1350K, committed 1408K, reserved 1048576K

Card table byte_map: [0x0000000011a50000,0x0000000011e50000] byte_map_base: 0x0000000011643000

Marking Bits: (ParMarkBitMap*) 0x0000000066daa6c0
 Begin Bits: [0x0000000012890000, 0x0000000014828000)
 End Bits:   [0x0000000014828000, 0x00000000167c0000)

Polling page: 0x0000000001c60000

CodeCache: size=245760Kb used=2984Kb max_used=2984Kb free=242775Kb
 bounds [0x0000000002690000, 0x0000000002980000, 0x0000000011690000]
 total_blobs=1239 nmethods=823 adapters=329
 compilation: enabled

Compilation events (10 events):
Event: 0.661 Thread 0x0000000058a1b800 nmethod 817 0x000000000297b7d0 code [0x000000000297b900, 0x000000000297b978]
Event: 0.661 Thread 0x00000000575b7000 nmethod 819 0x0000000002979650 code [0x00000000029798c0, 0x000000000297a8f8]
Event: 0.662 Thread 0x00000000575b7000  820       3       java.util.ArrayList$Itr::hasNext (20 bytes)
Event: 0.662 Thread 0x00000000575b7000 nmethod 820 0x0000000002979290 code [0x00000000029793e0, 0x00000000029795b0]
Event: 0.663 Thread 0x00000000575b7000  821       1       java.net.URLClassLoader::access$000 (5 bytes)
Event: 0.663 Thread 0x00000000575b7000 nmethod 821 0x0000000002978fd0 code [0x0000000002979120, 0x0000000002979210]
Event: 0.663 Thread 0x00000000575b7000  822       3       java.nio.Buffer::position (43 bytes)
Event: 0.664 Thread 0x00000000575b7000 nmethod 822 0x0000000002978ad0 code [0x0000000002978c40, 0x0000000002978f08]
Event: 0.668 Thread 0x00000000575b7000  823       1       java.util.logging.Level::intValue (5 bytes)
Event: 0.668 Thread 0x00000000575b7000 nmethod 823 0x0000000002978550 code [0x00000000029786a0, 0x00000000029787b0]

GC Heap History (0 events):
No events

Deoptimization events (5 events):
Event: 0.540 Thread 0x000000000219e000 Uncommon trap: reason=unstable_if action=reinterpret pc=0x00000000028bd05c method=java.math.BigInteger.addOne([IIII)I @ 55
Event: 0.570 Thread 0x000000000219e000 Uncommon trap: reason=bimorphic action=maybe_recompile pc=0x00000000028caf68 method=java.util.regex.Pattern$BmpCharProperty.match(Ljava/util/regex/Matcher;ILjava/lang/CharSequence;)Z @ 31
Event: 0.570 Thread 0x000000000219e000 Uncommon trap: reason=bimorphic action=maybe_recompile pc=0x00000000028caf68 method=java.util.regex.Pattern$BmpCharProperty.match(Ljava/util/regex/Matcher;ILjava/lang/CharSequence;)Z @ 31
Event: 0.570 Thread 0x000000000219e000 Uncommon trap: reason=bimorphic action=maybe_recompile pc=0x00000000028caf68 method=java.util.regex.Pattern$BmpCharProperty.match(Ljava/util/regex/Matcher;ILjava/lang/CharSequence;)Z @ 31
Event: 0.570 Thread 0x000000000219e000 Uncommon trap: reason=bimorphic action=maybe_recompile pc=0x00000000028caf68 method=java.util.regex.Pattern$BmpCharProperty.match(Ljava/util/regex/Matcher;ILjava/lang/CharSequence;)Z @ 31

Internal exceptions (10 events):
Event: 0.046 Thread 0x000000000219e000 Exception <a 'java/lang/NoSuchMethodError': Method sun.misc.Unsafe.prefetchRead(Ljava/lang/Object;J)V name or signature does not match> (0x00000000d5e07f60) thrown at [C:\re\workspace\8-2-build-windows-amd64-cygwin\jdk8u111\7883\hotspot\src\share\vm\prims
Event: 0.078 Thread 0x000000000219e000 Exception <a 'java/io/FileNotFoundException'> (0x00000000d5e59860) thrown at [C:\re\workspace\8-2-build-windows-amd64-cygwin\jdk8u111\7883\hotspot\src\share\vm\prims\jni.cpp, line 709]
Event: 0.114 Thread 0x000000000219e000 Exception <a 'java/security/PrivilegedActionException'> (0x00000000d5f60458) thrown at [C:\re\workspace\8-2-build-windows-amd64-cygwin\jdk8u111\7883\hotspot\src\share\vm\prims\jvm.cpp, line 1386]
Event: 0.114 Thread 0x000000000219e000 Exception <a 'java/security/PrivilegedActionException'> (0x00000000d5f60668) thrown at [C:\re\workspace\8-2-build-windows-amd64-cygwin\jdk8u111\7883\hotspot\src\share\vm\prims\jvm.cpp, line 1386]
Event: 0.116 Thread 0x000000000219e000 Exception <a 'java/security/PrivilegedActionException'> (0x00000000d5f64550) thrown at [C:\re\workspace\8-2-build-windows-amd64-cygwin\jdk8u111\7883\hotspot\src\share\vm\prims\jvm.cpp, line 1386]
Event: 0.116 Thread 0x000000000219e000 Exception <a 'java/security/PrivilegedActionException'> (0x00000000d5f64760) thrown at [C:\re\workspace\8-2-build-windows-amd64-cygwin\jdk8u111\7883\hotspot\src\share\vm\prims\jvm.cpp, line 1386]
Event: 0.120 Thread 0x000000000219e000 Exception <a 'java/io/FileNotFoundException'> (0x00000000d5f6a6a8) thrown at [C:\re\workspace\8-2-build-windows-amd64-cygwin\jdk8u111\7883\hotspot\src\share\vm\prims\jni.cpp, line 709]
Event: 0.157 Thread 0x000000000219e000 Exception <a 'java/lang/NoSuchFieldError': method resolution failed> (0x00000000d6037a88) thrown at [C:\re\workspace\8-2-build-windows-amd64-cygwin\jdk8u111\7883\hotspot\src\share\vm\prims\methodHandles.cpp, line 1146]
Event: 0.158 Thread 0x000000000219e000 Exception <a 'java/lang/NoSuchFieldError': method resolution failed> (0x00000000d6044dd8) thrown at [C:\re\workspace\8-2-build-windows-amd64-cygwin\jdk8u111\7883\hotspot\src\share\vm\prims\methodHandles.cpp, line 1146]
Event: 0.197 Thread 0x000000000219e000 Exception <a 'java/io/FileNotFoundException'> (0x00000000d60de310) thrown at [C:\re\workspace\8-2-build-windows-amd64-cygwin\jdk8u111\7883\hotspot\src\share\vm\prims\jni.cpp, line 709]

Events (10 events):
Event: 0.663 loading class javax/crypto/MacSpi
Event: 0.663 loading class javax/crypto/MacSpi done
Event: 0.664 loading class sun/security/ssl/CipherBox$1
Event: 0.664 loading class sun/security/ssl/CipherBox$1 done
Event: 0.665 loading class java/lang/StrictMath
Event: 0.665 loading class java/lang/StrictMath done
Event: 0.666 loading class com/microsoft/sqlserver/jdbc/AuthenticationJNI
Event: 0.666 loading class com/microsoft/sqlserver/jdbc/AuthenticationJNI done
Event: 0.666 loading class java/lang/ClassLoaderHelper
Event: 0.666 loading class java/lang/ClassLoaderHelper done


Dynamic libraries:
0x000000013f370000 - 0x000000013f3a7000 	C:\Program Files\Java\jdk1.8.0_111\bin\java.exe
0x00000000779a0000 - 0x0000000077b49000 	C:\Windows\SYSTEM32\ntdll.dll
0x0000000077880000 - 0x000000007799f000 	C:\Windows\system32\kernel32.dll
0x000007fefda40000 - 0x000007fefdaab000 	C:\Windows\system32\KERNELBASE.dll
0x000007fefe890000 - 0x000007fefe96b000 	C:\Windows\system32\ADVAPI32.dll
0x000007fefe340000 - 0x000007fefe3df000 	C:\Windows\system32\msvcrt.dll
0x000007fefe050000 - 0x000007fefe06f000 	C:\Windows\SYSTEM32\sechost.dll
0x000007fefdd90000 - 0x000007fefdebd000 	C:\Windows\system32\RPCRT4.dll
0x0000000077780000 - 0x000000007787a000 	C:\Windows\system32\USER32.dll
0x000007fefdb10000 - 0x000007fefdb77000 	C:\Windows\system32\GDI32.dll
0x000007fefe760000 - 0x000007fefe76e000 	C:\Windows\system32\LPK.dll
0x000007fefdee0000 - 0x000007fefdfa9000 	C:\Windows\system32\USP10.dll
0x000007fefbdc0000 - 0x000007fefbfb4000 	C:\Windows\WinSxS\amd64_microsoft.windows.common-controls_6595b64144ccf1df_6.0.7601.17514_none_fa396087175ac9ac\COMCTL32.dll
0x000007fefe770000 - 0x000007fefe7e1000 	C:\Windows\system32\SHLWAPI.dll
0x000007feff9d0000 - 0x000007feff9fe000 	C:\Windows\system32\IMM32.DLL
0x000007fefe970000 - 0x000007fefea79000 	C:\Windows\system32\MSCTF.dll
0x0000000066fb0000 - 0x0000000067082000 	C:\Program Files\Java\jdk1.8.0_111\jre\bin\msvcr100.dll
0x0000000066590000 - 0x0000000066e2a000 	C:\Program Files\Java\jdk1.8.0_111\jre\bin\server\jvm.dll
0x000007fefc660000 - 0x000007fefc669000 	C:\Windows\system32\WSOCK32.dll
0x000007feffc60000 - 0x000007feffcad000 	C:\Windows\system32\WS2_32.dll
0x000007fefe750000 - 0x000007fefe758000 	C:\Windows\system32\NSI.dll
0x000007fefb910000 - 0x000007fefb94b000 	C:\Windows\system32\WINMM.dll
0x000007fefc840000 - 0x000007fefc84c000 	C:\Windows\system32\VERSION.dll
0x0000000077b70000 - 0x0000000077b77000 	C:\Windows\system32\PSAPI.DLL
0x00000000673f0000 - 0x00000000673ff000 	C:\Program Files\Java\jdk1.8.0_111\jre\bin\verify.dll
0x00000000673c0000 - 0x00000000673e9000 	C:\Program Files\Java\jdk1.8.0_111\jre\bin\java.dll
0x0000000067330000 - 0x0000000067346000 	C:\Program Files\Java\jdk1.8.0_111\jre\bin\zip.dll
0x000007fefebe0000 - 0x000007feff968000 	C:\Windows\system32\SHELL32.dll
0x000007fefdb80000 - 0x000007fefdd83000 	C:\Windows\system32\ole32.dll
0x000007fefd750000 - 0x000007fefd75f000 	C:\Windows\system32\profapi.dll
0x00000000663f0000 - 0x0000000066588000 	C:\Program Files\Java\jdk1.8.0_111\jre\bin\awt.dll
0x000007fefea80000 - 0x000007fefeb57000 	C:\Windows\system32\OLEAUT32.dll
0x000007fefb8b0000 - 0x000007fefb8c8000 	C:\Windows\system32\DWMAPI.DLL
0x000007fefbd10000 - 0x000007fefbd66000 	C:\Windows\system32\uxtheme.dll
0x000007fefd5f0000 - 0x000007fefd5ff000 	C:\Windows\system32\CRYPTBASE.dll
0x0000000067310000 - 0x000000006732a000 	C:\Program Files\Java\jdk1.8.0_111\jre\bin\net.dll
0x000007fefcf30000 - 0x000007fefcf85000 	C:\Windows\system32\mswsock.dll
0x000007fefcf20000 - 0x000007fefcf27000 	C:\Windows\System32\wship6.dll
0x000007fefc910000 - 0x000007fefc917000 	C:\Windows\System32\wshtcpip.dll
0x000007fefcdb0000 - 0x000007fefce0b000 	C:\Windows\system32\DNSAPI.dll
0x000007fefabb0000 - 0x000007fefabd7000 	C:\Windows\system32\IPHLPAPI.DLL
0x000007fefaba0000 - 0x000007fefabab000 	C:\Windows\system32\WINNSI.DLL
0x000007fef9170000 - 0x000007fef9178000 	C:\Windows\system32\rasadhlp.dll
0x000007fefaaf0000 - 0x000007fefab43000 	C:\Windows\System32\fwpuclnt.dll
0x00000000725f0000 - 0x0000000072614000 	C:\Program Files\Java\jdk1.8.0_111\jre\bin\sunec.dll
0x000007fefcf90000 - 0x000007fefcfa7000 	C:\Windows\system32\CRYPTSP.dll
0x000007fefcc90000 - 0x000007fefccd7000 	C:\Windows\system32\rsaenh.dll
0x000007fefd9b0000 - 0x000007fefd9ce000 	C:\Windows\system32\USERENV.dll
0x000007fefaa20000 - 0x000007fefaa31000 	C:\Windows\system32\dhcpcsvc6.DLL
0x000007fefa9a0000 - 0x000007fefa9b8000 	C:\Windows\system32\dhcpcsvc.DLL
0x00000000672f0000 - 0x0000000067301000 	C:\Program Files\Java\jdk1.8.0_111\jre\bin\nio.dll
0x00000000725e0000 - 0x00000000725eb000 	C:\Program Files\Java\jdk1.8.0_111\jre\bin\sunmscapi.dll
0x000007fefd770000 - 0x000007fefd8d7000 	C:\Windows\system32\CRYPT32.dll
0x000007fefd760000 - 0x000007fefd76f000 	C:\Windows\system32\MSASN1.dll
0x000007fef0870000 - 0x000007fef08bb000 	F:\2018\MODULO 2.4 ConexionBaseDatos\Ejercicio1\sqljdbc_auth.dll
0x000007fef7b80000 - 0x000007fef7b83000 	C:\Windows\system32\api-ms-win-core-synch-l1-2-0.DLL
0x000007fefd3b0000 - 0x000007fefd3bb000 	C:\Windows\system32\secur32.dll
0x000007fefd560000 - 0x000007fefd585000 	C:\Windows\system32\SSPICLI.DLL
0x000007fefcb20000 - 0x000007fefcb2a000 	C:\Windows\system32\credssp.dll
0x000007fefcfb0000 - 0x000007fefd064000 	C:\Windows\system32\kerberos.DLL
0x000007fefd210000 - 0x000007fefd224000 	C:\Windows\system32\cryptdll.dll
0x000007fefcec0000 - 0x000007fefcf11000 	C:\Windows\system32\msv1_0.DLL
0x000007fef92c0000 - 0x000007fef92e7000 	C:\Windows\system32\ntdsapi.dll
0x000007fefb6d0000 - 0x000007fefb6e5000 	C:\Windows\system32\NLAapi.dll
0x000007fef50d0000 - 0x000007fef50e5000 	C:\Windows\system32\napinsp.dll
0x000007fef50b0000 - 0x000007fef50c9000 	C:\Windows\system32\pnrpnsp.dll
0x000007fefa440000 - 0x000007fefa44b000 	C:\Windows\System32\winrnr.dll
0x000007feee810000 - 0x000007feee935000 	C:\Windows\system32\dbghelp.dll

VM Arguments:
jvm_args: -Dfile.encoding=UTF-8 
java_command: ejercicio1.Ejercicio1
java_class_path (initial): C:\Program Files\NetBeans 8.2\java\modules\ext\AbsoluteLayout.jar;F:\sqljdbc4.jar;F:\2018\MODULO 2.4 ConexionBaseDatos\Ejercicio1\build\classes
Launcher Type: SUN_STANDARD

Environment Variables:
PATH=C:\ProgramData\Oracle\Java\javapath;C:\Windows\system32;C:\Windows;C:\Windows\System32\Wbem;C:\Windows\System32\WindowsPowerShell\v1.0\;C:\Program Files (x86)\Intel\OpenCL SDK\2.0\bin\x86;C:\Program Files (x86)\Intel\OpenCL SDK\2.0\bin\x64;c:\Program Files (x86)\Microsoft SQL Server\110\Tools\Binn\ManagementStudio\;c:\Program Files (x86)\Microsoft SQL Server\110\Tools\Binn\;c:\Program Files (x86)\Microsoft SQL Server\110\DTS\Binn\;C:\Program Files (x86)\Brackets\command;C:\Program Files\Microsoft SQL Server\130\Tools\Binn\;C:\Windows\system32\config\systemprofile\.dnx\bin;C:\Program Files\Microsoft DNX\Dnvm\
USERNAME=Estudiante
OS=Windows_NT
PROCESSOR_IDENTIFIER=Intel64 Family 6 Model 42 Stepping 7, GenuineIntel



---------------  S Y S T E M  ---------------

OS: Windows 7 , 64 bit Build 7601 (6.1.7601.18015)

CPU:total 4 (2 cores per cpu, 2 threads per core) family 6 model 42 stepping 7, cmov, cx8, fxsr, mmx, sse, sse2, sse3, ssse3, sse4.1, sse4.2, popcnt, avx, clmul, ht, tsc, tscinvbit

Memory: 4k page, physical 8273948k(5850116k free), swap 16546032k(12873848k free)

vm_info: Java HotSpot(TM) 64-Bit Server VM (25.111-b14) for windows-amd64 JRE (1.8.0_111-b14), built on Sep 22 2016 19:24:05 by "java_re" with MS VC++ 10.0 (VS2010)

time: Mon Jun 18 12:03:50 2018
elapsed time: 0 seconds (0d 0h 0m 0s)

